{
  "stats": {
    "suites": 1,
    "tests": 1,
    "passes": 0,
    "pending": 0,
    "failures": 1,
    "start": "2021-03-11T14:43:44.832Z",
    "end": "2021-03-11T14:43:51.751Z",
    "duration": 6919,
    "testsRegistered": 1,
    "passPercent": 0,
    "pendingPercent": 0,
    "other": 0,
    "hasOther": false,
    "skipped": 0,
    "hasSkipped": false
  },
  "results": [
    {
      "uuid": "eaf5b207-9a4a-4161-afc9-e7ca2ac96372",
      "title": "",
      "fullFile": "cypress/integration/GreenKart/Test2.js",
      "file": "cypress/integration/GreenKart/Test2.js",
      "beforeHooks": [],
      "afterHooks": [],
      "tests": [],
      "suites": [
        {
          "uuid": "53d6d706-cf6e-41a1-ba09-c7b24ed4f3ad",
          "title": "My Second Test Suite",
          "fullFile": "",
          "file": "",
          "beforeHooks": [],
          "afterHooks": [],
          "tests": [
            {
              "title": "My FirstTest case",
              "fullTitle": "My Second Test Suite My FirstTest case",
              "timedOut": null,
              "duration": 5499,
              "state": "failed",
              "speed": null,
              "pass": false,
              "fail": true,
              "pending": false,
              "context": null,
              "code": "cy.visit(\"https://rahulshettyacademy.com/seleniumPractise/#/\");\ncy.get('.search-keyword').type('ca');\ncy.wait(2000); //selenium get hit url in browser, cypress get acts like findElement of selenium\n//Parent child chaining\ncy.get('.products').as('productLocator');\ncy.get('@productLocator').find('.product').each(function ($el, index, $list) {\n  var textVeg = $el.find('h4.product-name').text();\n  if (textVeg.includes('Cashews')) {\n    $el.find('button').click();\n  }\n});\ncy.get('.cart-icon > img').click();\ncy.contains('PROCEED TO CHECKOUT').click();\ncy.contains('Place Order').click(); //fixture",
              "err": {
                "message": "CypressError: Cypress detected a cross origin error happened on page load:\n\n  > Blocked a frame with origin \"https://rahulshettyacademy.com\" from accessing a cross-origin frame.\n\nBefore the page load, you were bound to the origin policy:\n\n  > https://rahulshettyacademy.com\n\nA cross origin error happens when your application navigates to a new URL which does not match the origin policy above.\n\nA new URL does not match the origin policy if the 'protocol', 'port' (if specified), and/or 'host' (unless of the same superdomain) are different.\n\nCypress does not allow you to navigate to a different origin URL within a single test.\n\nYou may need to restructure some of your test code to avoid this problem.\n\nAlternatively you can also disable Chrome Web Security in Chromium-based browsers which will turn off this restriction by setting { chromeWebSecurity: false } in `cypress.json`.\n\nhttps://on.cypress.io/cross-origin-violation",
                "estack": "CypressError: Cypress detected a cross origin error happened on page load:\n\n  > Blocked a frame with origin \"https://rahulshettyacademy.com\" from accessing a cross-origin frame.\n\nBefore the page load, you were bound to the origin policy:\n\n  > https://rahulshettyacademy.com\n\nA cross origin error happens when your application navigates to a new URL which does not match the origin policy above.\n\nA new URL does not match the origin policy if the 'protocol', 'port' (if specified), and/or 'host' (unless of the same superdomain) are different.\n\nCypress does not allow you to navigate to a different origin URL within a single test.\n\nYou may need to restructure some of your test code to avoid this problem.\n\nAlternatively you can also disable Chrome Web Security in Chromium-based browsers which will turn off this restriction by setting { chromeWebSecurity: false } in `cypress.json`.\n\nhttps://on.cypress.io/cross-origin-violation\n    at onPageLoadErr (https://rahulshettyacademy.com/__cypress/runner/cypress_runner.js:158351:17)\n    at HTMLIFrameElement.<anonymous> (https://rahulshettyacademy.com/__cypress/runner/cypress_runner.js:171390:17)\n    at HTMLIFrameElement.dispatch (https://rahulshettyacademy.com/__cypress/runner/cypress_runner.js:92038:27)\n    at HTMLIFrameElement.elemData.handle (https://rahulshettyacademy.com/__cypress/runner/cypress_runner.js:91846:28)\nFrom Your Spec Code:\n    at Context.eval (https://rahulshettyacademy.com/__cypress/tests?p=cypress/integration/GreenKart/Test2.js:117:8)",
                "diff": null
              },
              "uuid": "06d5903d-7316-451e-9bdb-7cf844187733",
              "parentUUID": "53d6d706-cf6e-41a1-ba09-c7b24ed4f3ad",
              "isHook": false,
              "skipped": false
            }
          ],
          "suites": [],
          "passes": [],
          "failures": [
            "06d5903d-7316-451e-9bdb-7cf844187733"
          ],
          "pending": [],
          "skipped": [],
          "duration": 5499,
          "root": false,
          "rootEmpty": false,
          "_timeout": 2000
        }
      ],
      "passes": [],
      "failures": [],
      "pending": [],
      "skipped": [],
      "duration": 0,
      "root": true,
      "rootEmpty": true,
      "_timeout": 2000
    }
  ],
  "meta": {
    "mocha": {
      "version": "7.0.1"
    },
    "mochawesome": {
      "options": {
        "quiet": false,
        "reportFilename": "mochawesome",
        "saveHtml": true,
        "saveJson": true,
        "consoleReporter": "spec",
        "useInlineDiffs": false,
        "code": true
      },
      "version": "6.2.2"
    },
    "marge": {
      "options": null,
      "version": "5.2.0"
    }
  }
}